mv: cannot stat 'CD14-positive monocyte': No such file or directory
      accession     assay                  replicates
0   ENCSR340WQU   H3K4me3  (ENCBS075PNA, ENCBS655ARO)
1   ENCSR000DUA   H3K4me3  (ENCBS031GUL, ENCBS493MKF)
2   ENCSR000DTZ  H3K36me3  (ENCBS094KYE, ENCBS031GUL)
3   ENCSR000DTY  H3K27me3  (ENCBS031GUL, ENCBS493MKF)
4   ENCSR000AOF   H3K4me3  (ENCBS075PNA, ENCBS655ARO)
5   ENCSR000AOC   H3K27ac  (ENCBS075PNA, ENCBS655ARO)
6   ENCSR000AOH    H3K9ac  (ENCBS075PNA, ENCBS655ARO)
7   ENCSR000APW   H3K4me1  (ENCBS075PNA, ENCBS655ARO)
8   ENCSR000AQO   H3K9me3  (ENCBS075PNA, ENCBS655ARO)
9   ENCSR000AOE   H3K4me2  (ENCBS075PNA, ENCBS655ARO)
10  ENCSR000APB  H3K27me3  (ENCBS075PNA, ENCBS655ARO)
11  ENCSR000AOD  H3K36me3  (ENCBS075PNA, ENCBS655ARO)
12  ENCSR000AOI  H4K20me1  (ENCBS075PNA, ENCBS655ARO)
13  ENCSR000AQN     H2AFZ  (ENCBS075PNA, ENCBS655ARO)
14  ENCSR000AOG  H3K79me2  (ENCBS075PNA, ENCBS655ARO)
{"['ENCBS075PNA', 'ENCBS655ARO']": 12, "['ENCBS031GUL', 'ENCBS493MKF']": 2, "['ENCBS031GUL', 'ENCBS094KYE']": 1}
most frequent pair: ['ENCBS075PNA', 'ENCBS655ARO'], with 12 tracks
      accession     assay                  replicates
0   ENCSR340WQU   H3K4me3  (ENCBS075PNA, ENCBS655ARO)
1   ENCSR000AOF   H3K4me3  (ENCBS075PNA, ENCBS655ARO)
2   ENCSR000AOC   H3K27ac  (ENCBS075PNA, ENCBS655ARO)
3   ENCSR000AOH    H3K9ac  (ENCBS075PNA, ENCBS655ARO)
4   ENCSR000APW   H3K4me1  (ENCBS075PNA, ENCBS655ARO)
5   ENCSR000AQO   H3K9me3  (ENCBS075PNA, ENCBS655ARO)
6   ENCSR000AOE   H3K4me2  (ENCBS075PNA, ENCBS655ARO)
7   ENCSR000APB  H3K27me3  (ENCBS075PNA, ENCBS655ARO)
8   ENCSR000AOD  H3K36me3  (ENCBS075PNA, ENCBS655ARO)
9   ENCSR000AOI  H4K20me1  (ENCBS075PNA, ENCBS655ARO)
10  ENCSR000AQN     H2AFZ  (ENCBS075PNA, ENCBS655ARO)
11  ENCSR000AOG  H3K79me2  (ENCBS075PNA, ENCBS655ARO)
downloading celltype HeLa-S3 - assay H3K4me3
downloading celltype HeLa-S3 - assay H3K4me3
downloading celltype HeLa-S3 - assay H3K27ac
downloading celltype HeLa-S3 - assay H3K9ac
downloading celltype HeLa-S3 - assay H3K4me1
downloading celltype HeLa-S3 - assay H3K9me3
downloading celltype HeLa-S3 - assay H3K4me2
downloading celltype HeLa-S3 - assay H3K27me3
downloading celltype HeLa-S3 - assay H3K36me3
downloading celltype HeLa-S3 - assay H4K20me1
downloading celltype HeLa-S3 - assay H2AFZ
downloading celltype HeLa-S3 - assay H3K79me2
      accession     assay                  replicates
0   ENCSR000ATF    H3K9ac  (ENCBS865RXK, ENCBS188BKX)
1   ENCSR000ASP   H3K9me3  (ENCBS865RXK, ENCBS188BKX)
2   ENCSR000ASN   H3K4me3  (ENCBS865RXK, ENCBS188BKX)
3   ENCSR000ASI     H2AFZ  (ENCBS865RXK, ENCBS188BKX)
4   ENCSR000ASO  H3K79me2  (ENCBS865RXK, ENCBS188BKX)
5   ENCSR000ASK  H3K27me3  (ENCBS865RXK, ENCBS188BKX)
6   ENCSR000ASQ  H4K20me1  (ENCBS865RXK, ENCBS188BKX)
7   ENCSR000ASJ   H3K27ac  (ENCBS865RXK, ENCBS188BKX)
8   ENCSR000ASL  H3K36me3  (ENCBS865RXK, ENCBS188BKX)
9   ENCSR000ASM   H3K4me1  (ENCBS865RXK, ENCBS188BKX)
10  ENCSR000ATE   H3K4me2  (ENCBS865RXK, ENCBS188BKX)
{"['ENCBS188BKX', 'ENCBS865RXK']": 11}
most frequent pair: ['ENCBS188BKX', 'ENCBS865RXK'], with 11 tracks
      accession     assay                  replicates
0   ENCSR000ATF    H3K9ac  (ENCBS865RXK, ENCBS188BKX)
1   ENCSR000ASP   H3K9me3  (ENCBS865RXK, ENCBS188BKX)
2   ENCSR000ASN   H3K4me3  (ENCBS865RXK, ENCBS188BKX)
3   ENCSR000ASI     H2AFZ  (ENCBS865RXK, ENCBS188BKX)
4   ENCSR000ASO  H3K79me2  (ENCBS865RXK, ENCBS188BKX)
5   ENCSR000ASK  H3K27me3  (ENCBS865RXK, ENCBS188BKX)
6   ENCSR000ASQ  H4K20me1  (ENCBS865RXK, ENCBS188BKX)
7   ENCSR000ASJ   H3K27ac  (ENCBS865RXK, ENCBS188BKX)
8   ENCSR000ASL  H3K36me3  (ENCBS865RXK, ENCBS188BKX)
9   ENCSR000ASM   H3K4me1  (ENCBS865RXK, ENCBS188BKX)
10  ENCSR000ATE   H3K4me2  (ENCBS865RXK, ENCBS188BKX)
downloading celltype CD14-positive monocyte - assay H3K9ac
downloading celltype CD14-positive monocyte - assay H3K9me3
downloading celltype CD14-positive monocyte - assay H3K4me3
downloading celltype CD14-positive monocyte - assay H2AFZ
downloading celltype CD14-positive monocyte - assay H3K79me2
downloading celltype CD14-positive monocyte - assay H3K27me3
downloading celltype CD14-positive monocyte - assay H4K20me1
downloading celltype CD14-positive monocyte - assay H3K27ac
downloading celltype CD14-positive monocyte - assay H3K36me3
downloading celltype CD14-positive monocyte - assay H3K4me1
downloading celltype CD14-positive monocyte - assay H3K4me2
