sh: ./bigWigToBedGraph: cannot execute binary file
sh: ./bigWigToBedGraph: cannot execute binary file
sh: ./bigWigToBedGraph: cannot execute binary file
sh: ./bigWigToBedGraph: cannot execute binary file
sh: ./bigWigToBedGraph: cannot execute binary file
sh: ./bigWigToBedGraph: cannot execute binary file
sh: ./bigWigToBedGraph: cannot execute binary file
sh: ./bigWigToBedGraph: cannot execute binary file
sh: ./bigWigToBedGraph: cannot execute binary file
sh: ./bigWigToBedGraph: cannot execute binary file
sh: ./bigWigToBedGraph: cannot execute binary file
sh: ./bigWigToBedGraph: cannot execute binary file
sh: ./bigWigToBedGraph: cannot execute binary file
sh: ./bigWigToBedGraph: cannot execute binary file
sh: ./bigWigToBedGraph: cannot execute binary file
sh: ./bigWigToBedGraph: cannot execute binary file
sh: ./bigWigToBedGraph: cannot execute binary file
sh: ./bigWigToBedGraph: cannot execute binary file
sh: ./bigWigToBedGraph: cannot execute binary file
sh: ./bigWigToBedGraph: cannot execute binary file
sh: ./bigWigToBedGraph: cannot execute binary file
sh: ./bigWigToBedGraph: cannot execute binary file
sh: ./bigWigToBedGraph: cannot execute binary file
sh: ./bigWigToBedGraph: cannot execute binary file
sh: ./bigWigToBedGraph: cannot execute binary file
sh: ./bigWigToBedGraph: cannot execute binary file
sh: ./bigWigToBedGraph: cannot execute binary file
sh: ./bigWigToBedGraph: cannot execute binary file
sh: ./bigWigToBedGraph: cannot execute binary file
sh: ./bigWigToBedGraph: cannot execute binary file
sh: ./bigWigToBedGraph: cannot execute binary file
sh: ./bigWigToBedGraph: cannot execute binary file
sh: ./bigWigToBedGraph: cannot execute binary file
sh: ./bigWigToBedGraph: cannot execute binary file
sh: ./bigWigToBedGraph: cannot execute binary file
sh: ./bigWigToBedGraph: cannot execute binary file
sh: ./bigWigToBedGraph: cannot execute binary file
sh: ./bigWigToBedGraph: cannot execute binary file
sh: ./bigWigToBedGraph: cannot execute binary file
sh: ./bigWigToBedGraph: cannot execute binary file
sh: ./bigWigToBedGraph: cannot execute binary file
sh: ./bigWigToBedGraph: cannot execute binary file
sh: ./bigWigToBedGraph: cannot execute binary file
sh: ./bigWigToBedGraph: cannot execute binary file
sh: ./bigWigToBedGraph: cannot execute binary file
sh: ./bigWigToBedGraph: cannot execute binary file
sh: ./bigWigToBedGraph: cannot execute binary file
sh: ./bigWigToBedGraph: cannot execute binary file
sh: ./bigWigToBedGraph: cannot execute binary file
sh: ./bigWigToBedGraph: cannot execute binary file
sh: ./bigWigToBedGraph: cannot execute binary file
sh: ./bigWigToBedGraph: cannot execute binary file
sh: ./bigWigToBedGraph: cannot execute binary file
sh: ./bigWigToBedGraph: cannot execute binary file
sh: ./bigWigToBedGraph: cannot execute binary file
sh: ./bigWigToBedGraph: cannot execute binary file
sh: ./bigWigToBedGraph: cannot execute binary file
sh: ./bigWigToBedGraph: cannot execute binary file
sh: ./bigWigToBedGraph: cannot execute binary file
sh: ./bigWigToBedGraph: cannot execute binary file
sh: ./bigWigToBedGraph: cannot execute binary file
sh: ./bigWigToBedGraph: cannot execute binary file
sh: ./bigWigToBedGraph: cannot execute binary file
sh: ./bigWigToBedGraph: cannot execute binary file
sh: ./bigWigToBedGraph: cannot execute binary file
sh: ./bigWigToBedGraph: cannot execute binary file
sh: ./bigWigToBedGraph: cannot execute binary file
sh: ./bigWigToBedGraph: cannot execute binary file
sh: ./bigWigToBedGraph: cannot execute binary file
sh: ./bigWigToBedGraph: cannot execute binary file
sh: ./bigWigToBedGraph: cannot execute binary file
sh: ./bigWigToBedGraph: cannot execute binary file
sh: ./bigWigToBedGraph: cannot execute binary file
sh: ./bigWigToBedGraph: cannot execute binary file
sh: ./bigWigToBedGraph: cannot execute binary file
sh: ./bigWigToBedGraph: cannot execute binary file
sh: ./bigWigToBedGraph: cannot execute binary file
sh: ./bigWigToBedGraph: cannot execute binary file
sh: ./bigWigToBedGraph: cannot execute binary file
sh: ./bigWigToBedGraph: cannot execute binary file
sh: ./bigWigToBedGraph: cannot execute binary file
sh: ./bigWigToBedGraph: cannot execute binary file
sh: ./bigWigToBedGraph: cannot execute binary file
sh: ./bigWigToBedGraph: cannot execute binary file
sh: ./bigWigToBedGraph: cannot execute binary file
sh: ./bigWigToBedGraph: cannot execute binary file
sh: ./bigWigToBedGraph: cannot execute binary file
sh: ./bigWigToBedGraph: cannot execute binary file
sh: ./bigWigToBedGraph: cannot execute binary file
sh: ./bigWigToBedGraph: cannot execute binary file
sh: ./bigWigToBedGraph: cannot execute binary file
sh: ./bigWigToBedGraph: cannot execute binary file
sh: ./bigWigToBedGraph: cannot execute binary file
sh: ./bigWigToBedGraph: cannot execute binary file
sh: ./bigWigToBedGraph: cannot execute binary file
sh: ./bigWigToBedGraph: cannot execute binary file
sh: ./bigWigToBedGraph: cannot execute binary file
sh: ./bigWigToBedGraph: cannot execute binary file
sh: ./bigWigToBedGraph: cannot execute binary file
sh: ./bigWigToBedGraph: cannot execute binary file
sh: ./bigWigToBedGraph: cannot execute binary file
sh: ./bigWigToBedGraph: cannot execute binary file
sh: ./bigWigToBedGraph: cannot execute binary file
sh: ./bigWigToBedGraph: cannot execute binary file
sh: ./bigWigToBedGraph: cannot execute binary file
sh: ./bigWigToBedGraph: cannot execute binary file
sh: ./bigWigToBedGraph: cannot execute binary file
sh: ./bigWigToBedGraph: cannot execute binary file
sh: ./bigWigToBedGraph: cannot execute binary file
sh: ./bigWigToBedGraph: cannot execute binary file
sh: ./bigWigToBedGraph: cannot execute binary file
sh: ./bigWigToBedGraph: cannot execute binary file
sh: ./bigWigToBedGraph: cannot execute binary file
sh: ./bigWigToBedGraph: cannot execute binary file
CD14-positive_monocyte H3K27me3
CD14-positive_monocyte H3K27me3
CD14-positive_monocyte H3K4me2
CD14-positive_monocyte H3K4me2
MCF-7 H3K9me2
MCF-7 H3K9me2
MCF-7 H3K4me2
MCF-7 H3K4me2
MCF-7 H3K9me3
MCF-7 H3K9me3
MCF-7 H3K27ac
MCF-7 H3K27ac
GM12878 H3K4me3
GM12878 H3K4me3
GM12878 H3K79me2
GM12878 H3K79me2
GM12878 H3K27ac
GM12878 H3K27ac
GM12878 H2AFZ
GM12878 H2AFZ
K562 H2AFZ
K562 H2AFZ
K562 H3K36me3
K562 H3K36me3
HeLa-S3 H4K20me1
HeLa-S3 H4K20me1
HeLa-S3 H3K9me3
HeLa-S3 H3K9me3
CD14-positive_monocyte H3K4me1
CD14-positive_monocyte H3K4me1
CD14-positive_monocyte H3K9ac
CD14-positive_monocyte H3K9ac
MCF-7 H3K9ac
MCF-7 H3K9ac
MCF-7 H4K20me1
MCF-7 H4K20me1
GM12878 H3K4me1
GM12878 H3K4me1
GM12878 H3K9ac
GM12878 H3K9ac
K562 H3K4me2
K562 H3K4me2
K562 H3K4me3
K562 H3K4me3
HeLa-S3 H3K4me1
HeLa-S3 H3K4me1
HeLa-S3 H3K9ac
HeLa-S3 H3K9ac
HeLa-S3 H3K36me3
HeLa-S3 H3K36me3
CD14-positive_monocyte H3K27ac
CD14-positive_monocyte H3K27ac
CD14-positive_monocyte H2AFZ
CD14-positive_monocyte H2AFZ
GM12878 H4K20me1
GM12878 H4K20me1
GM12878 H3K9me3
GM12878 H3K9me3
K562 H3K79me2
K562 H3K79me2
K562 H3K4me1
K562 H3K4me1
CD14-positive_monocyte H3K36me3
CD14-positive_monocyte H3K36me3
MCF-7 H3K27me3
MCF-7 H3K27me3
MCF-7 H2AFZ
MCF-7 H2AFZ
MCF-7 H3K36me3
MCF-7 H3K36me3
GM12878 H3K36me3
GM12878 H3K36me3
K562 H3K27me3
K562 H3K27me3
HeLa-S3 H3K27me3
HeLa-S3 H3K27me3
HeLa-S3 H3K4me2
HeLa-S3 H3K4me2
HeLa-S3 H3K27ac
HeLa-S3 H3K27ac
HeLa-S3 H2AFZ
HeLa-S3 H2AFZ
CD14-positive_monocyte H3K4me3
CD14-positive_monocyte H3K4me3
CD14-positive_monocyte H3K79me2
CD14-positive_monocyte H3K79me2
MCF-7 H3K79me2
MCF-7 H3K79me2
MCF-7 H3K4me1
MCF-7 H3K4me1
K562 H3K9me3
K562 H3K9me3
K562 H3K27ac
K562 H3K27ac
HeLa-S3 H3K4me3
HeLa-S3 H3K4me3
HeLa-S3 H3K79me2
HeLa-S3 H3K79me2
CD14-positive_monocyte H4K20me1
CD14-positive_monocyte H4K20me1
CD14-positive_monocyte H3K9me3
CD14-positive_monocyte H3K9me3
GM12878 H3K27me3
GM12878 H3K27me3
GM12878 H3K4me2
GM12878 H3K4me2
K562 H3K9ac
K562 H3K9ac
K562 H4K20me1
K562 H4K20me1
