sending incremental file list
H2AFZ/
H2AFZ/ENCFF992JKA.bam
H3K27ac/ENCFF014BCD.bam
H3K27ac/ENCFF078DZN.bigWig
H3K27ac/ENCFF872QFO.bam
H3K27ac/ENCFF948MET.bigWig
H3K27me3/ENCFF586PRJ.bigWig
H3K27me3/ENCFF630ANH.bam
H3K27me3/ENCFF785GAD.bam
H3K27me3/ENCFF840DRQ.bigWig
H3K36me3/ENCFF150SGV.bam
H3K36me3/ENCFF494ICL.bigWig
H3K36me3/ENCFF554VRE.bigWig
H3K36me3/ENCFF629ODR.bam
H3K4me1/ENCFF141KHX.bam
H3K4me1/ENCFF281FSL.bigWig
H3K4me1/ENCFF573MNS.bam
H3K4me1/ENCFF669AVC.bigWig
H3K4me2/ENCFF031HMX.bigWig
H3K4me2/ENCFF384IVB.bam
H3K4me2/ENCFF572NHK.bigWig
H3K4me2/ENCFF591CTO.bam
H3K4me3/ENCFF144PKE.bam
H3K4me3/ENCFF367ZHA.bigWig
H3K4me3/ENCFF439PJT.bigWig
H3K4me3/ENCFF640GCK.bam
H3K79me2/ENCFF159LCH.bam
H3K79me2/ENCFF451RBS.bigWig
H3K79me2/ENCFF463WUU.bam
H3K79me2/ENCFF464AAD.bigWig
H3K9ac/ENCFF326KCT.bam
H3K9ac/ENCFF627PKL.bigWig
H3K9ac/ENCFF775XVG.bam
H3K9ac/ENCFF835QUH.bigWig
H3K9me3/ENCFF168UCU.bam
H3K9me3/ENCFF264DFY.bigWig
H3K9me3/ENCFF537BKE.bam
H3K9me3/ENCFF726FHO.bigWig
H4K20me1/ENCFF238ZAC.bam
H4K20me1/ENCFF657KKL.bigWig
H4K20me1/ENCFF899MAF.bam
H4K20me1/ENCFF938RSM.bigWig

sent 23,944,989,047 bytes  received 849 bytes  144,682,718.40 bytes/sec
total size is 25,098,049,017  speedup is 1.05
